<?xml version="1.0" encoding="UTF-8"?>
<testsuite xmlns:xsi="http://www.w3.org/2001/XMLSchema-instance" xsi:noNamespaceSchemaLocation="https://maven.apache.org/surefire/maven-surefire-plugin/xsd/surefire-test-report-3.0.xsd" version="3.0" name="TestSuite" time="2.436" tests="1" errors="0" skipped="0" failures="0">
  <properties>
    <property name="sun.desktop" value="windows"/>
    <property name="awt.toolkit" value="sun.awt.windows.WToolkit"/>
    <property name="java.specification.version" value="11"/>
    <property name="sun.cpu.isalist" value="amd64"/>
    <property name="sun.jnu.encoding" value="Cp1252"/>
    <property name="java.class.path" value="C:\Users\vipul\.p2\pool\plugins\org.eclipse.m2e.maven.runtime_1.14.0.20191209-1923\jars\plexus-classworlds-2.6.0.jar"/>
    <property name="java.vm.vendor" value="Oracle Corporation"/>
    <property name="sun.arch.data.model" value="64"/>
    <property name="user.variant" value=""/>
    <property name="java.vendor.url" value="http://java.oracle.com/"/>
    <property name="user.timezone" value="America/Chicago"/>
    <property name="os.name" value="Windows 10"/>
    <property name="java.vm.specification.version" value="11"/>
    <property name="sun.java.launcher" value="SUN_STANDARD"/>
    <property name="user.country" value="US"/>
    <property name="sun.boot.library.path" value="C:\Program Files\Java\jdk-11.0.5\bin"/>
    <property name="sun.java.command" value="org.codehaus.plexus.classworlds.launcher.Launcher -B test"/>
    <property name="jdk.debug" value="release"/>
    <property name="maven.home" value="C:\Users\vipul\eclipse-workspace\SeleniumBDDTestNG\EMBEDDED"/>
    <property name="surefire.test.class.path" value="C:\Users\vipul\eclipse-workspace\SeleniumBDDTestNG\target\test-classes;C:\Users\vipul\eclipse-workspace\SeleniumBDDTestNG\target\classes;C:\Users\vipul\.m2\repository\org\testng\testng\7.10.0\testng-7.10.0.jar;C:\Users\vipul\.m2\repository\org\slf4j\slf4j-api\1.7.36\slf4j-api-1.7.36.jar;C:\Users\vipul\.m2\repository\com\beust\jcommander\1.82\jcommander-1.82.jar;C:\Users\vipul\.m2\repository\org\webjars\jquery\3.7.1\jquery-3.7.1.jar;C:\Users\vipul\.m2\repository\io\cucumber\cucumber-java\7.10.0\cucumber-java-7.10.0.jar;C:\Users\vipul\.m2\repository\io\cucumber\cucumber-core\7.10.0\cucumber-core-7.10.0.jar;C:\Users\vipul\.m2\repository\io\cucumber\cucumber-gherkin\7.10.0\cucumber-gherkin-7.10.0.jar;C:\Users\vipul\.m2\repository\io\cucumber\cucumber-gherkin-messages\7.10.0\cucumber-gherkin-messages-7.10.0.jar;C:\Users\vipul\.m2\repository\io\cucumber\gherkin\25.0.2\gherkin-25.0.2.jar;C:\Users\vipul\.m2\repository\io\cucumber\messages\19.1.4\messages-19.1.4.jar;C:\Users\vipul\.m2\repository\io\cucumber\tag-expressions\4.1.0\tag-expressions-4.1.0.jar;C:\Users\vipul\.m2\repository\io\cucumber\cucumber-expressions\16.1.1\cucumber-expressions-16.1.1.jar;C:\Users\vipul\.m2\repository\io\cucumber\datatable\7.10.0\datatable-7.10.0.jar;C:\Users\vipul\.m2\repository\io\cucumber\cucumber-plugin\7.10.0\cucumber-plugin-7.10.0.jar;C:\Users\vipul\.m2\repository\io\cucumber\docstring\7.10.0\docstring-7.10.0.jar;C:\Users\vipul\.m2\repository\io\cucumber\html-formatter\20.2.0\html-formatter-20.2.0.jar;C:\Users\vipul\.m2\repository\io\cucumber\ci-environment\9.1.0\ci-environment-9.1.0.jar;C:\Users\vipul\.m2\repository\org\apiguardian\apiguardian-api\1.1.2\apiguardian-api-1.1.2.jar;C:\Users\vipul\.m2\repository\io\cucumber\cucumber-testng\7.10.0\cucumber-testng-7.10.0.jar;"/>
    <property name="sun.cpu.endian" value="little"/>
    <property name="user.home" value="C:\Users\vipul"/>
    <property name="user.language" value="en"/>
    <property name="java.specification.vendor" value="Oracle Corporation"/>
    <property name="java.version.date" value="2019-10-15"/>
    <property name="java.home" value="C:\Program Files\Java\jdk-11.0.5"/>
    <property name="file.separator" value="\"/>
    <property name="basedir" value="C:\Users\vipul\eclipse-workspace\SeleniumBDDTestNG"/>
    <property name="java.vm.compressedOopsMode" value="Zero based"/>
    <property name="line.separator" value="&#10;"/>
    <property name="java.specification.name" value="Java Platform API Specification"/>
    <property name="java.vm.specification.vendor" value="Oracle Corporation"/>
    <property name="java.awt.graphicsenv" value="sun.awt.Win32GraphicsEnvironment"/>
    <property name="user.script" value=""/>
    <property name="sun.management.compiler" value="HotSpot 64-Bit Tiered Compilers"/>
    <property name="java.runtime.version" value="11.0.5+10-LTS"/>
    <property name="user.name" value="vipul"/>
    <property name="path.separator" value=";"/>
    <property name="os.version" value="10.0"/>
    <property name="java.runtime.name" value="Java(TM) SE Runtime Environment"/>
    <property name="file.encoding" value="Cp1252"/>
    <property name="guice.disable.misplaced.annotation.check" value="true"/>
    <property name="java.vm.name" value="Java HotSpot(TM) 64-Bit Server VM"/>
    <property name="java.vendor.version" value="18.9"/>
    <property name="localRepository" value="C:\Users\vipul\.m2\repository"/>
    <property name="java.vendor.url.bug" value="http://bugreport.java.com/bugreport/"/>
    <property name="java.io.tmpdir" value="C:\Users\vipul\AppData\Local\Temp\"/>
    <property name="java.version" value="11.0.5"/>
    <property name="user.dir" value="C:\Users\vipul\eclipse-workspace\SeleniumBDDTestNG"/>
    <property name="os.arch" value="amd64"/>
    <property name="maven.multiModuleProjectDirectory" value="C:\Users\vipul\eclipse-workspace\SeleniumBDDTestNG"/>
    <property name="java.vm.specification.name" value="Java Virtual Machine Specification"/>
    <property name="java.awt.printerjob" value="sun.awt.windows.WPrinterJob"/>
    <property name="sun.os.patch.level" value=""/>
    <property name="java.library.path" value="C:\Program Files\Java\jdk-11.0.5\bin;C:\WINDOWS\Sun\Java\bin;C:\WINDOWS\system32;C:\WINDOWS;C:/Program Files/Java/jdk-11.0.5/bin/server;C:/Program Files/Java/jdk-11.0.5/bin;C:\Program Files\Java\jdk-11.0.5\bin;C:\oraclexe\app\oracle\product\11.2.0\server\bin;C:\Program Files\Java\jdk-11.0.5\bin;C:\ProgramData\Oracle\Java\javapath;C:\Program Files (x86)\Intel\iCLS Client\;C:\Program Files\Intel\iCLS Client\;C:\WINDOWS\system32;C:\WINDOWS;C:\WINDOWS\System32\Wbem;C:\WINDOWS\System32\WindowsPowerShell\v1.0\;C:\Program Files (x86)\Intel\Intel(R) Management Engine Components\DAL;C:\Program Files\Intel\Intel(R) Management Engine Components\DAL;C:\Program Files (x86)\Intel\Intel(R) Management Engine Components\IPT;C:\Program Files\Intel\Intel(R) Management Engine Components\IPT;C:\Program Files (x86)\GtkSharp\2.12\bin;C:\Program Files\nodejs\;C:\Program Files\nodejs\node_modules\npm\bin;C:\Program Files (x86)\Notepad++;C:\Vipul\Framework Jar Files\apache-maven-3.5.0\bin;C:\Users\vipul\AppData\Local\Android\sdk\tools\bin;C:\Users\vipul\AppData\Local\Android\sdk\tools;C:\Users\vipul\AppData\Local\Android\sdk\platform-tools;C:\Vipul\Framework Jar Files\gradle-4.2\bin;C:\ProgramData\Anaconda3\python.exe;C:\ProgramData\Anaconda3\Scripts\conda.exe;C:\WINDOWS\System32\OpenSSH\;C:\Program Files\dotnet\;C:\Users\vipul\Downloads\axis2-1.6.2\axis2-1.6.2\bin;C:\Program Files\Git\cmd;C:\Program Files\Amazon\AWSCLIV2\;C:\Program Files\PuTTY\;C:\Users\vipul\AppData\Local\Microsoft\WindowsApps;C:\Users\vipul\AppData\Roaming\npm;C:\Program Files\Java\jdk-11.0.5\bin;;C:\WINDOWS\System32;;."/>
    <property name="java.vendor" value="Oracle Corporation"/>
    <property name="java.vm.info" value="mixed mode"/>
    <property name="java.vm.version" value="11.0.5+10-LTS"/>
    <property name="classworlds.conf" value="C:\Users\vipul\eclipse-workspace\.metadata\.plugins\org.eclipse.m2e.launching\launches\m2conf735577517097860111.tmp"/>
    <property name="sun.io.unicode.encoding" value="UnicodeLittle"/>
    <property name="java.class.version" value="55.0"/>
  </properties>
  <testcase name="runScenario[&quot;test1&quot;, &quot;BDD test sample test&quot;](1)" classname="TestRunner.TestRunnerClass" time="0.076">
    <system-out><![CDATA[No. of scenarios = 1

Scenario: test1                         # src/main/resources/featurefiles/apptest.feature:23
From - I want to run a sample BDD test method
  Given I want to run a sample BDD test # stepDefFiles.apptestStepDef.i_want_to_run_a_sample_bdd_test()
]]></system-out>
    <system-err><![CDATA[SLF4J: Failed to load class "org.slf4j.impl.StaticLoggerBinder".
SLF4J: Defaulting to no-operation (NOP) logger implementation
SLF4J: See http://www.slf4j.org/codes.html#StaticLoggerBinder for further details.
]]></system-err>
  </testcase>
</testsuite>