<?xml version="1.0" encoding="UTF-8"?>
<!-- Generated by org.testng.reporters.JUnitReportReporter -->
<testsuite hostname="DESKTOP-HQL0E77" failures="0" tests="1" name="TestRunner.TestRunnerClass" time="0.104" errors="0" timestamp="2024-05-07T09:25:31 CDT" skipped="0">
  <testcase classname="TestRunner.TestRunnerClass" name="runScenario" time="0.104"/>
</testsuite> <!-- TestRunner.TestRunnerClass -->
