<?xml version="1.0" encoding="UTF-8"?>
<!-- Generated by org.testng.reporters.JUnitReportReporter -->
<testsuite hostname="DESKTOP-HQL0E77" failures="0" tests="1" name="TestRunner.TestRunnerClass" time="0.076" errors="0" timestamp="2024-05-08T11:18:43 CDT" skipped="0">
  <testcase classname="TestRunner.TestRunnerClass" name="runScenario" time="0.076"/>
</testsuite> <!-- TestRunner.TestRunnerClass -->
